#
# A fatal error has been detected by the Java Runtime Environment:
#
#  EXCEPTION_ACCESS_VIOLATION (0xc0000005) at pc=0x00007ffe21915794, pid=9732, tid=24972
#
# JRE version: OpenJDK Runtime Environment Temurin-17.0.14+7 (17.0.14+7) (build 17.0.14+7)
# Java VM: OpenJDK 64-Bit Server VM Temurin-17.0.14+7 (17.0.14+7, mixed mode, emulated-client, sharing, tiered, compressed oops, compressed class ptrs, g1 gc, windows-amd64)
# Problematic frame:
# C  [net.dll+0x5794]
#
# No core dump will be written. Minidumps are not enabled by default on client versions of Windows
#
# If you would like to submit a bug report, please visit:
#   https://github.com/adoptium/adoptium-support/issues
# The crash happened outside the Java Virtual Machine in native code.
# See problematic frame for where to report the bug.
#

---------------  S U M M A R Y ------------

Command Line: -XX:TieredStopAtLevel=1 -Dspring.output.ansi.enabled=always -Dcom.sun.management.jmxremote -Dspring.jmx.enabled=true -Dspring.liveBeansView.mbeanDomain -Dspring.application.admin.enabled=true -Dmanagement.endpoints.jmx.exposure.include=* -javaagent:C:\Users\Admin\AppData\Local\Programs\IntelliJ IDEA Ultimate 2025.1\lib\idea_rt.jar=52468 -Dfile.encoding=UTF-8 com.nhom15.orderservice.OrderServiceApplication

Host: 12th Gen Intel(R) Core(TM) i5-12450H, 12 cores, 15G,  Windows 11 , 64 bit Build 26100 (10.0.26100.3912)
Time: Wed May 21 18:32:13 2025 SE Asia Standard Time elapsed time: 1705.646862 seconds (0d 0h 28m 25s)

---------------  T H R E A D  ---------------

Current thread (0x00000213df50e900):  JavaThread "RMI TCP Accept-0" daemon [_thread_in_native, id=24972, stack(0x0000006fb2f00000,0x0000006fb3000000)]

Stack: [0x0000006fb2f00000,0x0000006fb3000000],  sp=0x0000006fb2ffefc0,  free space=1019k
Native frames: (J=compiled Java code, j=interpreted, Vv=VM code, C=native code)
C  [net.dll+0x5794]

Java frames: (J=compiled Java code, j=interpreted, Vv=VM code)
j  java.net.NetworkInterface.getAll()[Ljava/net/NetworkInterface;+0 java.base@17.0.14
j  java.net.NetworkInterface.getNetworkInterfaces()Ljava/util/Enumeration;+0 java.base@17.0.14
j  sun.management.jmxremote.LocalRMIServerSocketFactory$1.accept()Ljava/net/Socket;+79 jdk.management.agent@17.0.14
j  sun.rmi.transport.tcp.TCPTransport$AcceptLoop.executeAcceptLoop()V+42 java.rmi@17.0.14
j  sun.rmi.transport.tcp.TCPTransport$AcceptLoop.run()V+1 java.rmi@17.0.14
j  java.lang.Thread.run()V+11 java.base@17.0.14
v  ~StubRoutines::call_stub

siginfo: EXCEPTION_ACCESS_VIOLATION (0xc0000005), reading address 0x00000213df59e008


Registers:
RAX=0x0000000000000001, RBX=0x00000213e1f65330, RCX=0x0000000000000000, RDX=0x0000000000000000
RSP=0x0000006fb2ffefc0, RBP=0x0000000000011ee0, RSI=0x00000213e1f65330, RDI=0x00000213df50e900
R8 =0x0000000000000001, R9 =0x00000000000000b6, R10=0x0000000000000000, R11=0x0000006fb2ffef60
R12=0x0000006fb2fff040, R13=0x00000213e1cfc3f0, R14=0x0000000000005fa0, R15=0x000000000000007f
RIP=0x00007ffe21915794, EFLAGS=0x0000000000010213


Register to memory mapping:

RIP=0x00007ffe21915794 net.dll
RAX=0x0000000000000001 is an unknown value
RBX=0x00000213e1f65330 points into unknown readable memory: 0x8803200000000002 | 02 00 00 00 00 20 03 88
RCX=0x0 is NULL
RDX=0x0 is NULL
RSP=0x0000006fb2ffefc0 is pointing into the stack for thread: 0x00000213df50e900
RBP=0x0000000000011ee0 is an unknown value
RSI=0x00000213e1f65330 points into unknown readable memory: 0x8803200000000002 | 02 00 00 00 00 20 03 88
RDI=0x00000213df50e900 is a thread
R8 =0x0000000000000001 is an unknown value
R9 =0x00000000000000b6 is an unknown value
R10=0x0 is NULL
R11=0x0000006fb2ffef60 is pointing into the stack for thread: 0x00000213df50e900
R12=0x0000006fb2fff040 is pointing into the stack for thread: 0x00000213df50e900
R13=0x00000213e1cfc3f0 points into unknown readable memory: 0x00000213e1857e80 | 80 7e 85 e1 13 02 00 00
R14=0x0000000000005fa0 is an unknown value
R15=0x000000000000007f is an unknown value


Top of Stack: (sp=0x0000006fb2ffefc0)
0x0000006fb2ffefc0:   00000213e1f64930 000000000000002f
0x0000006fb2ffefd0:   00000213df50ebb8 00007ffe21916053
0x0000006fb2ffefe0:   0000006fb2fff170 0000006fb2fff228
0x0000006fb2ffeff0:   0000000000000000 000000000000002f
0x0000006fb2fff000:   00000213e1cfc3f0 00007ffe21916e38
0x0000006fb2fff010:   00000213df50ebb8 00000213df50ebb8
0x0000006fb2fff020:   0000006fb2fff0b9 00000213e1cfc3f0
0x0000006fb2fff030:   0000006f00000000 0000000000000000
0x0000006fb2fff040:   0000006fb2fff0a0 00000213df50e900
0x0000006fb2fff050:   00000213e1f61b90 00007ffd91b65ee5
0x0000006fb2fff060:   0000006fb2fff0e0 00000213df50e900
0x0000006fb2fff070:   00000007063f50a0 0000000000000000
0x0000006fb2fff080:   0000006fb2fff0e0 00000213df50e900
0x0000006fb2fff090:   0000006fb2fff0c0 0000021380200000
0x0000006fb2fff0a0:   0000000000000000 00000213cb2c9300
0x0000006fb2fff0b0:   0000000000000004 00007ffd9175fe55
0x0000006fb2fff0c0:   000000070c2b6828 00000213df50e900
0x0000006fb2fff0d0:   0000021380006738 00000213db3a1baf
0x0000006fb2fff0e0:   00008f89f9a7cdbf 00000213df50e900
0x0000006fb2fff0f0:   00000213df50e900 00000213809601d8
0x0000006fb2fff100:   0000000000000000 0000006fb2fff220
0x0000006fb2fff110:   0000006fb2fff210 00007ffe21916098
0x0000006fb2fff120:   00000007063f50a0 00000213cb2cc3fc
0x0000006fb2fff130:   0000000000000000 00000213df50ebb8
0x0000006fb2fff140:   0000006fb2fff228 00000213df50ebb8
0x0000006fb2fff150:   0000000000000009 00007ffe21914563
0x0000006fb2fff160:   0000006fb2fff220 0000006fb2fff210
0x0000006fb2fff170:   00000213e1cfc3f0 0000000000000000
0x0000006fb2fff180:   00000213df50e900 0000006fb2fff228
0x0000006fb2fff190:   00000007063f50a0 00000213cb2cd0a8
0x0000006fb2fff1a0:   00000213802f3ad0 0000006fb2fff210
0x0000006fb2fff1b0:   0000000000000000 0000000000000009 

Instructions: (pc=0x00007ffe21915794)
0x00007ffe21915694:   ff ff 48 8b cb 48 8b 5b 40 ff 15 0d 9c 00 00 48
0x00007ffe219156a4:   8b cb 48 85 db 75 ee e9 bf fb ff ff 48 8b cb 48
0x00007ffe219156b4:   8b 5b 40 ff 15 f3 9b 00 00 48 8b cb 48 85 db 75
0x00007ffe219156c4:   ee e9 a5 fb ff ff 48 8b cb 48 8b 5b 40 ff 15 d9
0x00007ffe219156d4:   9b 00 00 48 8b cb 48 85 db 75 ee e9 8b fb ff ff
0x00007ffe219156e4:   48 89 5c 24 08 48 89 74 24 10 57 48 83 ec 20 48
0x00007ffe219156f4:   8b f2 49 8b f8 48 8d 54 24 48 48 8b d9 e8 96 08
0x00007ffe21915704:   00 00 85 c0 79 04 33 c0 eb 22 4c 8b 4c 24 48 4c
0x00007ffe21915714:   8b c7 48 8b d6 48 8b cb e8 1f 00 00 00 48 8b 4c
0x00007ffe21915724:   24 48 8b d8 ff 15 82 9b 00 00 8b c3 48 8b 5c 24
0x00007ffe21915734:   30 48 8b 74 24 38 48 83 c4 20 5f c3 48 8b c4 48
0x00007ffe21915744:   89 58 10 48 89 68 18 48 89 70 20 48 89 48 08 57
0x00007ffe21915754:   41 54 41 55 41 56 41 57 48 83 ec 20 4c 8b ea 49
0x00007ffe21915764:   8b f9 33 d2 4d 8b e0 4d 85 c9 75 07 33 c0 e9 fe
0x00007ffe21915774:   00 00 00 44 8b fa 48 8b da 44 8b f2 41 39 11 0f
0x00007ffe21915784:   86 e5 00 00 00 41 8b c6 48 8d 2c 40 41 8b 45 10
0x00007ffe21915794:   39 44 ef 08 0f 85 bf 00 00 00 39 54 ef 04 0f 84
0x00007ffe219157a4:   b5 00 00 00 b9 48 00 00 00 ff 15 05 9b 00 00 33
0x00007ffe219157b4:   d2 48 8b f0 48 85 c0 0f 84 d1 00 00 00 44 8d 42
0x00007ffe219157c4:   02 66 44 89 00 8b 44 ef 04 89 46 04 41 8b 4d 14
0x00007ffe219157d4:   83 e9 06 74 25 83 e9 03 74 20 83 e9 06 74 1b 83
0x00007ffe219157e4:   e9 08 74 0f 83 e9 01 74 11 83 e9 04 74 05 83 f9
0x00007ffe219157f4:   2b 74 07 66 83 4e 38 ff eb 4e 66 44 89 46 1c ba
0x00007ffe21915804:   01 00 00 00 8b 4c ef 04 8b 44 ef 0c 23 c8 39 54
0x00007ffe21915814:   ef 10 75 06 f7 d0 0b c1 eb 02 8b c1 89 46 20 8b
0x00007ffe21915824:   4c ef 0c ff 15 d3 99 00 00 33 d2 8b c8 66 89 56
0x00007ffe21915834:   38 85 c0 74 13 0f b7 c2 44 8d 42 01 66 41 03 c0
0x00007ffe21915844:   03 c9 75 f8 66 89 46 38 b8 01 00 00 00 48 89 5e
0x00007ffe21915854:   40 44 03 f8 48 8b de eb 05 b8 01 00 00 00 44 03
0x00007ffe21915864:   f0 44 3b 37 0f 82 1b ff ff ff 49 89 1c 24 41 8b
0x00007ffe21915874:   c7 48 8b 5c 24 58 48 8b 6c 24 60 48 8b 74 24 68
0x00007ffe21915884:   48 83 c4 20 41 5f 41 5e 41 5d 41 5c 5f c3 48 8b 


Stack slot to memory mapping:
stack at sp + 0 slots: 0x00000213e1f64930 points into unknown readable memory: 0x26f824d800000002 | 02 00 00 00 d8 24 f8 26
stack at sp + 1 slots: 0x000000000000002f is an unknown value
stack at sp + 2 slots: 0x00000213df50ebb8 points into unknown readable memory: 0x00007ffd92072820 | 20 28 07 92 fd 7f 00 00
stack at sp + 3 slots: 0x00007ffe21916053 net.dll
stack at sp + 4 slots: 0x0000006fb2fff170 is pointing into the stack for thread: 0x00000213df50e900
stack at sp + 5 slots: 0x0000006fb2fff228 is pointing into the stack for thread: 0x00000213df50e900
stack at sp + 6 slots: 0x0 is NULL
stack at sp + 7 slots: 0x000000000000002f is an unknown value


---------------  P R O C E S S  ---------------

Threads class SMR info:
_java_thread_list=0x00000213da928570, length=41, elements={
0x00000213d9f7f790, 0x00000213d9f82360, 0x00000213d9f91940, 0x00000213d9f92500,
0x00000213d9f92ec0, 0x00000213d9f958a0, 0x00000213d9f9b330, 0x00000213d9f9bd30,
0x00000213d9f69f80, 0x00000213df434eb0, 0x00000213df435390, 0x00000213df50e900,
0x00000213df5ada90, 0x00000213df61cbd0, 0x00000213dfd3dfe0, 0x00000213dfd3f420,
0x00000213dfd3f930, 0x00000213dfd3d5c0, 0x00000213dfd40860, 0x00000213e1f91e50,
0x00000213e1f93290, 0x00000213e1f92360, 0x00000213e1f946d0, 0x00000213e1f94be0,
0x00000213e1f92870, 0x00000213e1f92d80, 0x00000213e1f91940, 0x00000213e1f96530,
0x00000213e1f937a0, 0x00000213e1f96a40, 0x00000213e1f95b10, 0x00000213e1f96f50,
0x00000213e1f97460, 0x00000213e1f95600, 0x00000213e1f93cb0, 0x00000213e1f941c0,
0x00000213e1f98390, 0x00000213e1f96020, 0x00000213e1f97e80, 0x00000213e1f950f0,
0x00000213e1f97970
}

Java Threads: ( => current thread )
  0x00000213d9f7f790 JavaThread "Reference Handler" daemon [_thread_blocked, id=12340, stack(0x0000006fb2100000,0x0000006fb2200000)]
  0x00000213d9f82360 JavaThread "Finalizer" daemon [_thread_blocked, id=26484, stack(0x0000006fb2200000,0x0000006fb2300000)]
  0x00000213d9f91940 JavaThread "Signal Dispatcher" daemon [_thread_blocked, id=3904, stack(0x0000006fb2300000,0x0000006fb2400000)]
  0x00000213d9f92500 JavaThread "Attach Listener" daemon [_thread_blocked, id=25220, stack(0x0000006fb2400000,0x0000006fb2500000)]
  0x00000213d9f92ec0 JavaThread "Service Thread" daemon [_thread_blocked, id=6000, stack(0x0000006fb2500000,0x0000006fb2600000)]
  0x00000213d9f958a0 JavaThread "Monitor Deflation Thread" daemon [_thread_blocked, id=9696, stack(0x0000006fb2600000,0x0000006fb2700000)]
  0x00000213d9f9b330 JavaThread "C1 CompilerThread0" daemon [_thread_blocked, id=18048, stack(0x0000006fb2700000,0x0000006fb2800000)]
  0x00000213d9f9bd30 JavaThread "Sweeper thread" daemon [_thread_blocked, id=23852, stack(0x0000006fb2800000,0x0000006fb2900000)]
  0x00000213d9f69f80 JavaThread "Common-Cleaner" daemon [_thread_blocked, id=24564, stack(0x0000006fb2900000,0x0000006fb2a00000)]
  0x00000213df434eb0 JavaThread "Monitor Ctrl-Break" daemon [_thread_in_native, id=25524, stack(0x0000006fb2d00000,0x0000006fb2e00000)]
  0x00000213df435390 JavaThread "Notification Thread" daemon [_thread_blocked, id=25336, stack(0x0000006fb2e00000,0x0000006fb2f00000)]
=>0x00000213df50e900 JavaThread "RMI TCP Accept-0" daemon [_thread_in_native, id=24972, stack(0x0000006fb2f00000,0x0000006fb3000000)]
  0x00000213df5ada90 JavaThread "RMI Scheduler(0)" daemon [_thread_blocked, id=25148, stack(0x0000006fb3200000,0x0000006fb3300000)]
  0x00000213df61cbd0 JavaThread "JMX server connection timeout 20" daemon [_thread_blocked, id=25520, stack(0x0000006fb3c00000,0x0000006fb3d00000)]
  0x00000213dfd3dfe0 JavaThread "Catalina-utility-1" [_thread_blocked, id=7028, stack(0x0000006fb4200000,0x0000006fb4300000)]
  0x00000213dfd3f420 JavaThread "Catalina-utility-2" [_thread_blocked, id=12164, stack(0x0000006fb4300000,0x0000006fb4400000)]
  0x00000213dfd3f930 JavaThread "container-0" [_thread_blocked, id=604, stack(0x0000006fb4400000,0x0000006fb4500000)]
  0x00000213dfd3d5c0 JavaThread "HikariPool-1 housekeeper" daemon [_thread_blocked, id=25984, stack(0x0000006fb4500000,0x0000006fb4600000)]
  0x00000213dfd40860 JavaThread "spectator-gauge-polling-0" daemon [_thread_blocked, id=25020, stack(0x0000006fb4800000,0x0000006fb4900000)]
  0x00000213e1f91e50 JavaThread "AsyncResolver-bootstrap-%d" daemon [_thread_blocked, id=25188, stack(0x0000006fb4900000,0x0000006fb4a00000)]
  0x00000213e1f93290 JavaThread "DiscoveryClient-%d" daemon [_thread_blocked, id=14812, stack(0x0000006fb4a00000,0x0000006fb4b00000)]
  0x00000213e1f92360 JavaThread "DiscoveryClient-%d" daemon [_thread_blocked, id=3204, stack(0x0000006fb4b00000,0x0000006fb4c00000)]
  0x00000213e1f946d0 JavaThread "DiscoveryClient-InstanceInfoReplicator-%d" daemon [_thread_blocked, id=14768, stack(0x0000006fb4c00000,0x0000006fb4d00000)]
  0x00000213e1f94be0 JavaThread "http-nio-8082-exec-1" daemon [_thread_blocked, id=15700, stack(0x0000006fb4d00000,0x0000006fb4e00000)]
  0x00000213e1f92870 JavaThread "http-nio-8082-exec-2" daemon [_thread_blocked, id=22832, stack(0x0000006fb4e00000,0x0000006fb4f00000)]
  0x00000213e1f92d80 JavaThread "http-nio-8082-exec-3" daemon [_thread_blocked, id=17224, stack(0x0000006fb4f00000,0x0000006fb5000000)]
  0x00000213e1f91940 JavaThread "http-nio-8082-exec-4" daemon [_thread_blocked, id=7728, stack(0x0000006fb5000000,0x0000006fb5100000)]
  0x00000213e1f96530 JavaThread "http-nio-8082-exec-5" daemon [_thread_blocked, id=2748, stack(0x0000006fb5100000,0x0000006fb5200000)]
  0x00000213e1f937a0 JavaThread "http-nio-8082-exec-6" daemon [_thread_blocked, id=23788, stack(0x0000006fb5200000,0x0000006fb5300000)]
  0x00000213e1f96a40 JavaThread "http-nio-8082-exec-7" daemon [_thread_blocked, id=11564, stack(0x0000006fb5300000,0x0000006fb5400000)]
  0x00000213e1f95b10 JavaThread "http-nio-8082-exec-8" daemon [_thread_blocked, id=25384, stack(0x0000006fb5400000,0x0000006fb5500000)]
  0x00000213e1f96f50 JavaThread "http-nio-8082-exec-9" daemon [_thread_blocked, id=25320, stack(0x0000006fb5500000,0x0000006fb5600000)]
  0x00000213e1f97460 JavaThread "http-nio-8082-exec-10" daemon [_thread_blocked, id=22004, stack(0x0000006fb5600000,0x0000006fb5700000)]
  0x00000213e1f95600 JavaThread "http-nio-8082-Poller" daemon [_thread_in_native, id=26324, stack(0x0000006fb5700000,0x0000006fb5800000)]
  0x00000213e1f93cb0 JavaThread "http-nio-8082-Acceptor" daemon [_thread_in_native, id=7928, stack(0x0000006fb5800000,0x0000006fb5900000)]
  0x00000213e1f941c0 JavaThread "DestroyJavaVM" [_thread_blocked, id=25772, stack(0x0000006fb1a00000,0x0000006fb1b00000)]
  0x00000213e1f98390 JavaThread "RMI TCP Connection(4)-192.168.1.4" daemon [_thread_in_native, id=18032, stack(0x0000006fb4600000,0x0000006fb4700000)]
  0x00000213e1f96020 JavaThread "DiscoveryClient-CacheRefreshExecutor-%d" daemon [_thread_blocked, id=20800, stack(0x0000006fb2b00000,0x0000006fb2c00000)]
  0x00000213e1f97e80 JavaThread "DiscoveryClient-HeartbeatExecutor-%d" daemon [_thread_in_vm, id=24844, stack(0x0000006fb4100000,0x0000006fb4200000)]
  0x00000213e1f950f0 JavaThread "AsyncReporter{ZipkinRestTemplateSender{http://localhost:9411/api/v2/spans}}" daemon [_thread_blocked, id=1576, stack(0x0000006fb5a00000,0x0000006fb5b00000)]
  0x00000213e1f97970 JavaThread "AsyncResolver-bootstrap-executor-%d" daemon [_thread_blocked, id=3316, stack(0x0000006fb1900000,0x0000006fb1a00000)]

Other Threads:
  0x00000213d9f78240 VMThread "VM Thread" [stack: 0x0000006fb2000000,0x0000006fb2100000] [id=1980]
  0x00000213c37a0ca0 WatcherThread [stack: 0x0000006fb3000000,0x0000006fb3100000] [id=26036]
  0x00000213c380d990 GCTaskThread "GC Thread#0" [stack: 0x0000006fb1b00000,0x0000006fb1c00000] [id=24920]
  0x00000213df5d4860 GCTaskThread "GC Thread#1" [stack: 0x0000006fb3300000,0x0000006fb3400000] [id=21528]
  0x00000213df60ef50 GCTaskThread "GC Thread#2" [stack: 0x0000006fb3400000,0x0000006fb3500000] [id=25296]
  0x00000213df60f210 GCTaskThread "GC Thread#3" [stack: 0x0000006fb3500000,0x0000006fb3600000] [id=25180]
  0x00000213df60f4d0 GCTaskThread "GC Thread#4" [stack: 0x0000006fb3600000,0x0000006fb3700000] [id=4472]
  0x00000213df60f790 GCTaskThread "GC Thread#5" [stack: 0x0000006fb3700000,0x0000006fb3800000] [id=4048]
  0x00000213df651a30 GCTaskThread "GC Thread#6" [stack: 0x0000006fb3800000,0x0000006fb3900000] [id=18296]
  0x00000213df651cf0 GCTaskThread "GC Thread#7" [stack: 0x0000006fb3900000,0x0000006fb3a00000] [id=25340]
  0x00000213df651fb0 GCTaskThread "GC Thread#8" [stack: 0x0000006fb3a00000,0x0000006fb3b00000] [id=25464]
  0x00000213dfc2f3d0 GCTaskThread "GC Thread#9" [stack: 0x0000006fb3d00000,0x0000006fb3e00000] [id=17940]
  0x00000213c3820fd0 ConcurrentGCThread "G1 Main Marker" [stack: 0x0000006fb1c00000,0x0000006fb1d00000] [id=10832]
  0x00000213c38228a0 ConcurrentGCThread "G1 Conc#0" [stack: 0x0000006fb1d00000,0x0000006fb1e00000] [id=22900]
  0x00000213e05a2310 ConcurrentGCThread "G1 Conc#1" [stack: 0x0000006fb3f00000,0x0000006fb4000000] [id=11980]
  0x00000213e05a25d0 ConcurrentGCThread "G1 Conc#2" [stack: 0x0000006fb4000000,0x0000006fb4100000] [id=21816]
  0x00000213d9eb64a0 ConcurrentGCThread "G1 Refine#0" [stack: 0x0000006fb1e00000,0x0000006fb1f00000] [id=25872]
  0x00000213df60fa50 ConcurrentGCThread "G1 Refine#1" [stack: 0x0000006fb3b00000,0x0000006fb3c00000] [id=25980]
  0x00000213d9eb8d80 ConcurrentGCThread "G1 Service" [stack: 0x0000006fb1f00000,0x0000006fb2000000] [id=24756]

Threads with active compile tasks:

VM state: not at safepoint (normal execution)

VM Mutex/Monitor currently owned by a thread: None

Heap address: 0x0000000705e00000, size: 4002 MB, Compressed Oops mode: Zero based, Oop shift amount: 3

CDS archive(s) mapped at: [0x0000021380000000-0x0000021380bb0000-0x0000021380bb0000), size 12255232, SharedBaseAddress: 0x0000021380000000, ArchiveRelocationMode: 1.
Compressed class space mapped at: 0x0000021381000000-0x00000213c1000000, reserved size: 1073741824
Narrow klass base: 0x0000021380000000, Narrow klass shift: 0, Narrow klass range: 0x100000000

GC Precious Log:
 CPUs: 12 total, 12 available
 Memory: 16004M
 Large Page Support: Disabled
 NUMA Support: Disabled
 Compressed Oops: Enabled (Zero based)
 Heap Region Size: 2M
 Heap Min Capacity: 8M
 Heap Initial Capacity: 252M
 Heap Max Capacity: 4002M
 Pre-touch: Disabled
 Parallel Workers: 10
 Concurrent Workers: 3
 Concurrent Refinement Workers: 10
 Periodic GC: Disabled

Heap:
 garbage-first heap   total 118784K, used 69231K [0x0000000705e00000, 0x0000000800000000)
  region size 2048K, 12 young (24576K), 2 survivors (4096K)
 Metaspace       used 77698K, committed 78528K, reserved 1179648K
  class space    used 11371K, committed 11776K, reserved 1048576K

Heap Regions: E=young(eden), S=young(survivor), O=old, HS=humongous(starts), HC=humongous(continues), CS=collection set, F=free, OA=open archive, CA=closed archive, TAMS=top-at-mark-start (previous, next)
|   0|0x0000000705e00000, 0x0000000706000000, 0x0000000706000000|100%| O|  |TAMS 0x0000000706000000, 0x0000000705e00000| Untracked 
|   1|0x0000000706000000, 0x0000000706200000, 0x0000000706200000|100%| O|  |TAMS 0x0000000706200000, 0x0000000706000000| Untracked 
|   2|0x0000000706200000, 0x0000000706400000, 0x0000000706400000|100%| O|  |TAMS 0x0000000706400000, 0x0000000706200000| Untracked 
|   3|0x0000000706400000, 0x0000000706600000, 0x0000000706600000|100%| O|  |TAMS 0x0000000706600000, 0x0000000706400000| Untracked 
|   4|0x0000000706600000, 0x0000000706800000, 0x0000000706800000|100%| O|  |TAMS 0x0000000706800000, 0x0000000706600000| Untracked 
|   5|0x0000000706800000, 0x0000000706a00000, 0x0000000706a00000|100%| O|  |TAMS 0x0000000706a00000, 0x0000000706800000| Untracked 
|   6|0x0000000706a00000, 0x0000000706c00000, 0x0000000706c00000|100%| O|  |TAMS 0x0000000706c00000, 0x0000000706a00000| Untracked 
|   7|0x0000000706c00000, 0x0000000706ca9400, 0x0000000706e00000| 33%| O|  |TAMS 0x0000000706ca9400, 0x0000000706c00000| Untracked 
|   8|0x0000000706e00000, 0x0000000707000000, 0x0000000707000000|100%| O|  |TAMS 0x0000000707000000, 0x0000000706e00000| Untracked 
|   9|0x0000000707000000, 0x0000000707200000, 0x0000000707200000|100%| O|  |TAMS 0x0000000707200000, 0x0000000707000000| Untracked 
|  10|0x0000000707200000, 0x0000000707400000, 0x0000000707400000|100%| O|  |TAMS 0x0000000707400000, 0x0000000707200000| Untracked 
|  11|0x0000000707400000, 0x0000000707600000, 0x0000000707600000|100%| O|  |TAMS 0x0000000707600000, 0x0000000707400000| Untracked 
|  12|0x0000000707600000, 0x0000000707800000, 0x0000000707800000|100%| O|  |TAMS 0x0000000707800000, 0x0000000707600000| Untracked 
|  13|0x0000000707800000, 0x0000000707a00000, 0x0000000707a00000|100%| O|  |TAMS 0x0000000707a00000, 0x0000000707800000| Untracked 
|  14|0x0000000707a00000, 0x0000000707c00000, 0x0000000707c00000|100%| O|  |TAMS 0x0000000707c00000, 0x0000000707a00000| Untracked 
|  15|0x0000000707c00000, 0x0000000707e00000, 0x0000000707e00000|100%| O|  |TAMS 0x0000000707db0e00, 0x0000000707c00000| Untracked 
|  16|0x0000000707e00000, 0x0000000708000000, 0x0000000708000000|100%| O|  |TAMS 0x0000000708000000, 0x0000000707e00000| Untracked 
|  17|0x0000000708000000, 0x0000000708200000, 0x0000000708200000|100%| O|  |TAMS 0x0000000708000000, 0x0000000708000000| Untracked 
|  18|0x0000000708200000, 0x0000000708400000, 0x0000000708400000|100%| O|  |TAMS 0x0000000708200000, 0x0000000708200000| Untracked 
|  19|0x0000000708400000, 0x0000000708600000, 0x0000000708600000|100%| O|  |TAMS 0x0000000708400000, 0x0000000708400000| Untracked 
|  20|0x0000000708600000, 0x0000000708800000, 0x0000000708800000|100%| O|  |TAMS 0x0000000708600000, 0x0000000708600000| Untracked 
|  21|0x0000000708800000, 0x0000000708a00000, 0x0000000708a00000|100%| O|  |TAMS 0x0000000708800000, 0x0000000708800000| Untracked 
|  22|0x0000000708a00000, 0x0000000708c00000, 0x0000000708c00000|100%| O|  |TAMS 0x0000000708a00000, 0x0000000708a00000| Untracked 
|  23|0x0000000708c00000, 0x0000000708cf4000, 0x0000000708e00000| 47%| O|  |TAMS 0x0000000708c00000, 0x0000000708c00000| Untracked 
|  24|0x0000000708e00000, 0x0000000708e00000, 0x0000000709000000|  0%| F|  |TAMS 0x0000000708e00000, 0x0000000708e00000| Untracked 
|  25|0x0000000709000000, 0x0000000709000000, 0x0000000709200000|  0%| F|  |TAMS 0x0000000709000000, 0x0000000709000000| Untracked 
|  26|0x0000000709200000, 0x0000000709200000, 0x0000000709400000|  0%| F|  |TAMS 0x0000000709200000, 0x0000000709200000| Untracked 
|  27|0x0000000709400000, 0x0000000709400000, 0x0000000709600000|  0%| F|  |TAMS 0x0000000709400000, 0x0000000709400000| Untracked 
|  28|0x0000000709600000, 0x0000000709600000, 0x0000000709800000|  0%| F|  |TAMS 0x0000000709600000, 0x0000000709600000| Untracked 
|  29|0x0000000709800000, 0x0000000709800000, 0x0000000709a00000|  0%| F|  |TAMS 0x0000000709800000, 0x0000000709800000| Untracked 
|  30|0x0000000709a00000, 0x0000000709a00000, 0x0000000709c00000|  0%| F|  |TAMS 0x0000000709a00000, 0x0000000709a00000| Untracked 
|  31|0x0000000709c00000, 0x0000000709c00000, 0x0000000709e00000|  0%| F|  |TAMS 0x0000000709c00000, 0x0000000709c00000| Untracked 
|  32|0x0000000709e00000, 0x0000000709e00000, 0x000000070a000000|  0%| F|  |TAMS 0x0000000709e00000, 0x0000000709e00000| Untracked 
|  33|0x000000070a000000, 0x000000070a000000, 0x000000070a200000|  0%| F|  |TAMS 0x000000070a000000, 0x000000070a000000| Untracked 
|  34|0x000000070a200000, 0x000000070a3fea80, 0x000000070a400000| 99%| S|CS|TAMS 0x000000070a200000, 0x000000070a200000| Complete 
|  35|0x000000070a400000, 0x000000070a400000, 0x000000070a600000|  0%| F|  |TAMS 0x000000070a400000, 0x000000070a400000| Untracked 
|  36|0x000000070a600000, 0x000000070a800000, 0x000000070a800000|100%| S|CS|TAMS 0x000000070a600000, 0x000000070a600000| Complete 
|  37|0x000000070a800000, 0x000000070a800000, 0x000000070aa00000|  0%| F|  |TAMS 0x000000070a800000, 0x000000070a800000| Untracked 
|  38|0x000000070aa00000, 0x000000070aa00000, 0x000000070ac00000|  0%| F|  |TAMS 0x000000070aa00000, 0x000000070aa00000| Untracked 
|  39|0x000000070ac00000, 0x000000070ac00000, 0x000000070ae00000|  0%| F|  |TAMS 0x000000070ac00000, 0x000000070ac00000| Untracked 
|  40|0x000000070ae00000, 0x000000070ae00000, 0x000000070b000000|  0%| F|  |TAMS 0x000000070ae00000, 0x000000070ae00000| Untracked 
|  41|0x000000070b000000, 0x000000070b000000, 0x000000070b200000|  0%| F|  |TAMS 0x000000070b000000, 0x000000070b000000| Untracked 
|  42|0x000000070b200000, 0x000000070b200000, 0x000000070b400000|  0%| F|  |TAMS 0x000000070b200000, 0x000000070b200000| Untracked 
|  43|0x000000070b400000, 0x000000070b400000, 0x000000070b600000|  0%| F|  |TAMS 0x000000070b400000, 0x000000070b400000| Untracked 
|  44|0x000000070b600000, 0x000000070b600000, 0x000000070b800000|  0%| F|  |TAMS 0x000000070b600000, 0x000000070b600000| Untracked 
|  45|0x000000070b800000, 0x000000070b800000, 0x000000070ba00000|  0%| F|  |TAMS 0x000000070b800000, 0x000000070b800000| Untracked 
|  46|0x000000070ba00000, 0x000000070ba00000, 0x000000070bc00000|  0%| F|  |TAMS 0x000000070ba00000, 0x000000070ba00000| Untracked 
|  47|0x000000070bc00000, 0x000000070bc00000, 0x000000070be00000|  0%| F|  |TAMS 0x000000070bc00000, 0x000000070bc00000| Untracked 
|  48|0x000000070be00000, 0x000000070be26200, 0x000000070c000000|  7%| E|  |TAMS 0x000000070be00000, 0x000000070be00000| Complete 
|  49|0x000000070c000000, 0x000000070c200000, 0x000000070c200000|100%| E|CS|TAMS 0x000000070c000000, 0x000000070c000000| Complete 
|  50|0x000000070c200000, 0x000000070c400000, 0x000000070c400000|100%| E|CS|TAMS 0x000000070c200000, 0x000000070c200000| Complete 
|  51|0x000000070c400000, 0x000000070c600000, 0x000000070c600000|100%| E|CS|TAMS 0x000000070c400000, 0x000000070c400000| Complete 
|  52|0x000000070c600000, 0x000000070c800000, 0x000000070c800000|100%| E|CS|TAMS 0x000000070c600000, 0x000000070c600000| Complete 
|  53|0x000000070c800000, 0x000000070ca00000, 0x000000070ca00000|100%| E|CS|TAMS 0x000000070c800000, 0x000000070c800000| Complete 
| 105|0x0000000713000000, 0x0000000713200000, 0x0000000713200000|100%| E|CS|TAMS 0x0000000713000000, 0x0000000713000000| Complete 
| 106|0x0000000713200000, 0x0000000713400000, 0x0000000713400000|100%| E|CS|TAMS 0x0000000713200000, 0x0000000713200000| Complete 
| 107|0x0000000713400000, 0x0000000713600000, 0x0000000713600000|100%| E|CS|TAMS 0x0000000713400000, 0x0000000713400000| Complete 
| 125|0x0000000715800000, 0x0000000715a00000, 0x0000000715a00000|100%| E|CS|TAMS 0x0000000715800000, 0x0000000715800000| Complete 

Card table byte_map: [0x00000213cedd0000,0x00000213cf5b0000] _byte_map_base: 0x00000213cb5a1000

Marking Bits (Prev, Next): (CMBitMap*) 0x00000213c380dff0, (CMBitMap*) 0x00000213c380dfb0
 Prev Bits: [0x00000213d3c20000, 0x00000213d7aa8000)
 Next Bits: [0x00000213cfd90000, 0x00000213d3c18000)

Polling page: 0x00000213c1700000

Metaspace:

Usage:
  Non-class:     64.77 MB used.
      Class:     11.11 MB used.
       Both:     75.88 MB used.

Virtual space:
  Non-class space:      128.00 MB reserved,      65.19 MB ( 51%) committed,  2 nodes.
      Class space:        1.00 GB reserved,      11.50 MB (  1%) committed,  1 nodes.
             Both:        1.12 GB reserved,      76.69 MB (  7%) committed. 

Chunk freelists:
   Non-Class:  14.05 MB
       Class:  4.43 MB
        Both:  18.47 MB

MaxMetaspaceSize: unlimited
CompressedClassSpaceSize: 1.00 GB
Initial GC threshold: 21.00 MB
Current GC threshold: 98.12 MB
CDS: on
MetaspaceReclaimPolicy: balanced
 - commit_granule_bytes: 65536.
 - commit_granule_words: 8192.
 - virtual_space_node_default_size: 8388608.
 - enlarge_chunks_in_place: 1.
 - new_chunks_are_fully_committed: 0.
 - uncommit_free_chunks: 1.
 - use_allocation_guard: 0.
 - handle_deallocations: 1.


Internal statistics:

num_allocs_failed_limit: 9.
num_arena_births: 1116.
num_arena_deaths: 0.
num_vsnodes_births: 3.
num_vsnodes_deaths: 0.
num_space_committed: 1227.
num_space_uncommitted: 0.
num_chunks_returned_to_freelist: 9.
num_chunks_taken_from_freelist: 4104.
num_chunk_merges: 9.
num_chunk_splits: 2863.
num_chunks_enlarged: 2150.
num_inconsistent_stats: 0.

CodeCache: size=49152Kb used=15003Kb max_used=16050Kb free=34148Kb
 bounds [0x00000213cb2c0000, 0x00000213cc2b0000, 0x00000213ce2c0000]
 total_blobs=9174 nmethods=8472 adapters=628
 compilation: enabled
              stopped_count=0, restarted_count=0
 full_count=0

Compilation events (20 events):
Event: 1633.204 Thread 0x00000213d9f9b330 8461       1       brave.internal.codec.JsonEscaper::jsonEscape (134 bytes)
Event: 1633.204 Thread 0x00000213d9f9b330 nmethod 8461 0x00000213cbb87e10 code [0x00000213cbb88000, 0x00000213cbb88308]
Event: 1633.204 Thread 0x00000213d9f9b330 8462       1       brave.internal.codec.WriteBuffer::writeUtf8 (329 bytes)
Event: 1633.205 Thread 0x00000213d9f9b330 nmethod 8462 0x00000213cbb87010 code [0x00000213cbb87240, 0x00000213cbb878e8]
Event: 1633.205 Thread 0x00000213d9f9b330 8464       1       java.lang.Integer::parseInt (300 bytes)
Event: 1633.206 Thread 0x00000213d9f9b330 nmethod 8464 0x00000213cbb85a90 code [0x00000213cbb85da0, 0x00000213cbb869d8]
Event: 1633.206 Thread 0x00000213d9f9b330 8463       1       com.fasterxml.jackson.databind.introspect.AnnotationIntrospectorPair::findObjectIdInfo (26 bytes)
Event: 1633.207 Thread 0x00000213d9f9b330 nmethod 8463 0x00000213cbb85710 code [0x00000213cbb858c0, 0x00000213cbb859f8]
Event: 1633.220 Thread 0x00000213d9f9b330 8465       1       java.io.FileDescriptor::<init> (17 bytes)
Event: 1633.220 Thread 0x00000213d9f9b330 nmethod 8465 0x00000213cbb85410 code [0x00000213cbb855a0, 0x00000213cbb85678]
Event: 1633.220 Thread 0x00000213d9f9b330 8466       1       java.net.URI$Parser::scan (23 bytes)
Event: 1633.220 Thread 0x00000213d9f9b330 nmethod 8466 0x00000213cbb84d90 code [0x00000213cbb84f40, 0x00000213cbb851f8]
Event: 1665.102 Thread 0x00000213d9f9b330 8467       1       org.springframework.util.MimeType::appendTo (35 bytes)
Event: 1665.708 Thread 0x00000213d9f9b330 nmethod 8467 0x00000213cbb84790 code [0x00000213cbb84960, 0x00000213cbb84ba8]
Event: 1674.246 Thread 0x00000213d9f9b330 8468       1       io.micrometer.core.instrument.Meter$Id::<init> (13 bytes)
Event: 1674.392 Thread 0x00000213d9f9b330 nmethod 8468 0x00000213cbb84490 code [0x00000213cbb84620, 0x00000213cbb84708]
Event: 1687.102 Thread 0x00000213d9f9b330 8469       1       java.net.InetSocketAddress$InetSocketAddressHolder::getAddress (5 bytes)
Event: 1688.021 Thread 0x00000213d9f9b330 nmethod 8469 0x00000213cbb84190 code [0x00000213cbb84320, 0x00000213cbb843f8]
Event: 1692.223 Thread 0x00000213d9f9b330 8471       1       com.netflix.appinfo.InstanceInfo::getDataCenterInfo (5 bytes)
Event: 1692.283 Thread 0x00000213d9f9b330 nmethod 8471 0x00000213cbb83e90 code [0x00000213cbb84020, 0x00000213cbb840f8]

GC Heap History (20 events):
Event: 4.573 GC heap before
{Heap before GC invocations=8 (full 0):
 garbage-first heap   total 98304K, used 47931K [0x0000000705e00000, 0x0000000800000000)
  region size 2048K, 14 young (28672K), 3 survivors (6144K)
 Metaspace       used 35494K, committed 35968K, reserved 1114112K
  class space    used 4995K, committed 5248K, reserved 1048576K
}
Event: 4.583 GC heap after
{Heap after GC invocations=9 (full 0):
 garbage-first heap   total 98304K, used 29332K [0x0000000705e00000, 0x0000000800000000)
  region size 2048K, 3 young (6144K), 3 survivors (6144K)
 Metaspace       used 35494K, committed 35968K, reserved 1114112K
  class space    used 4995K, committed 5248K, reserved 1048576K
}
Event: 5.063 GC heap before
{Heap before GC invocations=10 (full 0):
 garbage-first heap   total 98304K, used 68244K [0x0000000705e00000, 0x0000000800000000)
  region size 2048K, 23 young (47104K), 3 survivors (6144K)
 Metaspace       used 39879K, committed 40320K, reserved 1114112K
  class space    used 5599K, committed 5824K, reserved 1048576K
}
Event: 5.074 GC heap after
{Heap after GC invocations=11 (full 0):
 garbage-first heap   total 98304K, used 33222K [0x0000000705e00000, 0x0000000800000000)
  region size 2048K, 3 young (6144K), 3 survivors (6144K)
 Metaspace       used 39879K, committed 40320K, reserved 1114112K
  class space    used 5599K, committed 5824K, reserved 1048576K
}
Event: 5.551 GC heap before
{Heap before GC invocations=11 (full 0):
 garbage-first heap   total 98304K, used 72134K [0x0000000705e00000, 0x0000000800000000)
  region size 2048K, 22 young (45056K), 3 survivors (6144K)
 Metaspace       used 43366K, committed 43904K, reserved 1114112K
  class space    used 6106K, committed 6336K, reserved 1048576K
}
Event: 5.558 GC heap after
{Heap after GC invocations=12 (full 0):
 garbage-first heap   total 98304K, used 35885K [0x0000000705e00000, 0x0000000800000000)
  region size 2048K, 2 young (4096K), 2 survivors (4096K)
 Metaspace       used 43366K, committed 43904K, reserved 1114112K
  class space    used 6106K, committed 6336K, reserved 1048576K
}
Event: 6.279 GC heap before
{Heap before GC invocations=12 (full 0):
 garbage-first heap   total 98304K, used 72749K [0x0000000705e00000, 0x0000000800000000)
  region size 2048K, 20 young (40960K), 2 survivors (4096K)
 Metaspace       used 52059K, committed 52672K, reserved 1114112K
  class space    used 7445K, committed 7744K, reserved 1048576K
}
Event: 6.282 GC heap after
{Heap after GC invocations=13 (full 0):
 garbage-first heap   total 118784K, used 37417K [0x0000000705e00000, 0x0000000800000000)
  region size 2048K, 3 young (6144K), 3 survivors (6144K)
 Metaspace       used 52059K, committed 52672K, reserved 1114112K
  class space    used 7445K, committed 7744K, reserved 1048576K
}
Event: 6.878 GC heap before
{Heap before GC invocations=13 (full 0):
 garbage-first heap   total 118784K, used 64041K [0x0000000705e00000, 0x0000000800000000)
  region size 2048K, 17 young (34816K), 3 survivors (6144K)
 Metaspace       used 59525K, committed 60096K, reserved 1114112K
  class space    used 8509K, committed 8832K, reserved 1048576K
}
Event: 6.881 GC heap after
{Heap after GC invocations=14 (full 0):
 garbage-first heap   total 118784K, used 38519K [0x0000000705e00000, 0x0000000800000000)
  region size 2048K, 3 young (6144K), 3 survivors (6144K)
 Metaspace       used 59525K, committed 60096K, reserved 1114112K
  class space    used 8509K, committed 8832K, reserved 1048576K
}
Event: 7.718 GC heap before
{Heap before GC invocations=15 (full 0):
 garbage-first heap   total 118784K, used 89719K [0x0000000705e00000, 0x0000000800000000)
  region size 2048K, 29 young (59392K), 3 survivors (6144K)
 Metaspace       used 68057K, committed 68736K, reserved 1114112K
  class space    used 9843K, committed 10176K, reserved 1048576K
}
Event: 7.723 GC heap after
{Heap after GC invocations=16 (full 0):
 garbage-first heap   total 118784K, used 41873K [0x0000000705e00000, 0x0000000800000000)
  region size 2048K, 4 young (8192K), 4 survivors (8192K)
 Metaspace       used 68057K, committed 68736K, reserved 1114112K
  class space    used 9843K, committed 10176K, reserved 1048576K
}
Event: 8.854 GC heap before
{Heap before GC invocations=16 (full 0):
 garbage-first heap   total 118784K, used 93073K [0x0000000705e00000, 0x0000000800000000)
  region size 2048K, 29 young (59392K), 4 survivors (8192K)
 Metaspace       used 70547K, committed 71232K, reserved 1114112K
  class space    used 10241K, committed 10560K, reserved 1048576K
}
Event: 8.870 GC heap after
{Heap after GC invocations=17 (full 0):
 garbage-first heap   total 118784K, used 45755K [0x0000000705e00000, 0x0000000800000000)
  region size 2048K, 4 young (8192K), 4 survivors (8192K)
 Metaspace       used 70547K, committed 71232K, reserved 1114112K
  class space    used 10241K, committed 10560K, reserved 1048576K
}
Event: 9.874 GC heap before
{Heap before GC invocations=17 (full 0):
 garbage-first heap   total 118784K, used 92859K [0x0000000705e00000, 0x0000000800000000)
  region size 2048K, 27 young (55296K), 4 survivors (8192K)
 Metaspace       used 72619K, committed 73280K, reserved 1114112K
  class space    used 10593K, committed 10880K, reserved 1048576K
}
Event: 9.887 GC heap after
{Heap after GC invocations=18 (full 0):
 garbage-first heap   total 118784K, used 48307K [0x0000000705e00000, 0x0000000800000000)
  region size 2048K, 4 young (8192K), 4 survivors (8192K)
 Metaspace       used 72619K, committed 73280K, reserved 1114112K
  class space    used 10593K, committed 10880K, reserved 1048576K
}
Event: 11.185 GC heap before
{Heap before GC invocations=18 (full 0):
 garbage-first heap   total 118784K, used 93363K [0x0000000705e00000, 0x0000000800000000)
  region size 2048K, 26 young (53248K), 4 survivors (8192K)
 Metaspace       used 76626K, committed 77376K, reserved 1179648K
  class space    used 11190K, committed 11520K, reserved 1048576K
}
Event: 11.195 GC heap after
{Heap after GC invocations=19 (full 0):
 garbage-first heap   total 118784K, used 49508K [0x0000000705e00000, 0x0000000800000000)
  region size 2048K, 3 young (6144K), 3 survivors (6144K)
 Metaspace       used 76626K, committed 77376K, reserved 1179648K
  class space    used 11190K, committed 11520K, reserved 1048576K
}
Event: 1017.928 GC heap before
{Heap before GC invocations=19 (full 0):
 garbage-first heap   total 118784K, used 92516K [0x0000000705e00000, 0x0000000800000000)
  region size 2048K, 24 young (49152K), 3 survivors (6144K)
 Metaspace       used 77697K, committed 78528K, reserved 1179648K
  class space    used 11371K, committed 11776K, reserved 1048576K
}
Event: 1017.940 GC heap after
{Heap after GC invocations=20 (full 0):
 garbage-first heap   total 118784K, used 50799K [0x0000000705e00000, 0x0000000800000000)
  region size 2048K, 2 young (4096K), 2 survivors (4096K)
 Metaspace       used 77697K, committed 78528K, reserved 1179648K
  class space    used 11371K, committed 11776K, reserved 1048576K
}

Dll operation events (13 events):
Event: 0.006 Loaded shared library C:\Program Files\Eclipse Adoptium\jdk-17.0.14.7-hotspot\bin\java.dll
Event: 0.018 Loaded shared library C:\Program Files\Eclipse Adoptium\jdk-17.0.14.7-hotspot\bin\jsvml.dll
Event: 0.096 Loaded shared library C:\Program Files\Eclipse Adoptium\jdk-17.0.14.7-hotspot\bin\zip.dll
Event: 0.097 Loaded shared library C:\Program Files\Eclipse Adoptium\jdk-17.0.14.7-hotspot\bin\instrument.dll
Event: 0.100 Loaded shared library C:\Program Files\Eclipse Adoptium\jdk-17.0.14.7-hotspot\bin\net.dll
Event: 0.101 Loaded shared library C:\Program Files\Eclipse Adoptium\jdk-17.0.14.7-hotspot\bin\nio.dll
Event: 0.103 Loaded shared library C:\Program Files\Eclipse Adoptium\jdk-17.0.14.7-hotspot\bin\zip.dll
Event: 0.183 Loaded shared library C:\Program Files\Eclipse Adoptium\jdk-17.0.14.7-hotspot\bin\jimage.dll
Event: 0.189 Loaded shared library C:\Program Files\Eclipse Adoptium\jdk-17.0.14.7-hotspot\bin\extnet.dll
Event: 0.196 Loaded shared library C:\Program Files\Eclipse Adoptium\jdk-17.0.14.7-hotspot\bin\management.dll
Event: 0.203 Loaded shared library C:\Program Files\Eclipse Adoptium\jdk-17.0.14.7-hotspot\bin\management_ext.dll
Event: 2.648 Loaded shared library C:\Program Files\Eclipse Adoptium\jdk-17.0.14.7-hotspot\bin\sunmscapi.dll
Event: 5.830 Loaded shared library C:\Program Files\Eclipse Adoptium\jdk-17.0.14.7-hotspot\bin\verify.dll

Deoptimization events (10 events):
Event: 4.504 Thread 0x00000213c379ff10 DEOPT PACKING pc=0x00000213cbc2be95 sp=0x0000006fb1afdbf0
Event: 4.504 Thread 0x00000213c379ff10 DEOPT UNPACKING pc=0x00000213cb317143 sp=0x0000006fb1afd198 mode 0
Event: 8.535 Thread 0x00000213c379ff10 DEOPT PACKING pc=0x00000213cb8bc45a sp=0x0000006fb1af5310
Event: 8.535 Thread 0x00000213c379ff10 DEOPT UNPACKING pc=0x00000213cb317143 sp=0x0000006fb1af4818 mode 3
Event: 10.688 Thread 0x00000213c379ff10 DEOPT PACKING pc=0x00000213cbdc9108 sp=0x0000006fb1afed20
Event: 10.688 Thread 0x00000213c379ff10 DEOPT UNPACKING pc=0x00000213cb317143 sp=0x0000006fb1afe1f8 mode 3
Event: 11.137 Thread 0x00000213c379ff10 DEOPT PACKING pc=0x00000213cbf4d5ac sp=0x0000006fb1afd4b0
Event: 11.137 Thread 0x00000213c379ff10 DEOPT UNPACKING pc=0x00000213cb317143 sp=0x0000006fb1afc958 mode 0
Event: 11.719 Thread 0x00000213e1f97970 DEOPT PACKING pc=0x00000213cc08ae1c sp=0x0000006fb59fc840
Event: 11.719 Thread 0x00000213e1f97970 DEOPT UNPACKING pc=0x00000213cb317143 sp=0x0000006fb59fbd18 mode 0

Classes loaded (20 events):
Event: 11.643 Loading class javax/management/remote/rmi/RMIConnectionImpl$7
Event: 11.643 Loading class javax/management/remote/rmi/RMIConnectionImpl$7 done
Event: 11.643 Loading class com/sun/jmx/remote/util/OrderClassLoaders
Event: 11.643 Loading class com/sun/jmx/remote/util/OrderClassLoaders done
Event: 11.644 Loading class javax/management/remote/rmi/RMIConnectionImpl$SetCcl
Event: 11.644 Loading class javax/management/remote/rmi/RMIConnectionImpl$SetCcl done
Event: 11.644 Loading class java/rmi/MarshalledObject$MarshalledObjectInputStream
Event: 11.644 Loading class java/rmi/MarshalledObject$MarshalledObjectInputStream done
Event: 11.687 Loading class javax/management/remote/rmi/RMIConnector$Util
Event: 11.687 Loading class javax/management/remote/rmi/RMIConnector$Util done
Event: 11.715 Loading class jdk/internal/vm/annotation/ForceInline
Event: 11.715 Loading class jdk/internal/vm/annotation/ForceInline done
Event: 11.864 Loading class java/time/Instant$1
Event: 11.864 Loading class java/time/Instant$1 done
Event: 20.782 Loading class java/util/concurrent/ConcurrentLinkedQueue$Itr
Event: 20.782 Loading class java/util/concurrent/ConcurrentLinkedQueue$Itr done
Event: 42.210 Loading class sun/net/util/SocketExceptions
Event: 42.211 Loading class sun/net/util/SocketExceptions done
Event: 42.241 Loading class jdk/internal/loader/BootLoader$PackageHelper
Event: 42.242 Loading class jdk/internal/loader/BootLoader$PackageHelper done

Classes unloaded (0 events):
No events

Classes redefined (0 events):
No events

Internal exceptions (20 events):
Event: 1182.911 Thread 0x00000213e1f950f0 Exception <a 'java/net/SocketException'{0x00000007134dd7f8}: Socket is not connected: shutdown> (0x00000007134dd7f8) 
thrown [s\src\hotspot\share\prims\jni.cpp, line 535]
Event: 1182.924 Thread 0x00000213e1f950f0 Exception <a 'java/net/ConnectException'{0x000000071336c170}: Connection refused: getsockopt> (0x000000071336c170) 
thrown [s\src\hotspot\share\prims\jni.cpp, line 535]
Event: 1182.924 Thread 0x00000213e1f950f0 Exception <a 'java/net/SocketException'{0x000000071336c750}: Socket is not connected: shutdown> (0x000000071336c750) 
thrown [s\src\hotspot\share\prims\jni.cpp, line 535]
Event: 1242.611 Thread 0x00000213e1f950f0 Exception <a 'java/net/ConnectException'{0x0000000713160300}: Connection refused: getsockopt> (0x0000000713160300) 
thrown [s\src\hotspot\share\prims\jni.cpp, line 535]
Event: 1242.611 Thread 0x00000213e1f950f0 Exception <a 'java/net/SocketException'{0x00000007131608e0}: Socket is not connected: shutdown> (0x00000007131608e0) 
thrown [s\src\hotspot\share\prims\jni.cpp, line 535]
Event: 1242.622 Thread 0x00000213e1f950f0 Exception <a 'java/net/ConnectException'{0x0000000713161438}: Connection refused: getsockopt> (0x0000000713161438) 
thrown [s\src\hotspot\share\prims\jni.cpp, line 535]
Event: 1242.623 Thread 0x00000213e1f950f0 Exception <a 'java/net/SocketException'{0x0000000713161a18}: Socket is not connected: shutdown> (0x0000000713161a18) 
thrown [s\src\hotspot\share\prims\jni.cpp, line 535]
Event: 1483.098 Thread 0x00000213e1f950f0 Exception <a 'java/net/ConnectException'{0x0000000713169ac8}: Connection refused: getsockopt> (0x0000000713169ac8) 
thrown [s\src\hotspot\share\prims\jni.cpp, line 535]
Event: 1483.098 Thread 0x00000213e1f950f0 Exception <a 'java/net/SocketException'{0x000000071316a0a8}: Socket is not connected: shutdown> (0x000000071316a0a8) 
thrown [s\src\hotspot\share\prims\jni.cpp, line 535]
Event: 1483.110 Thread 0x00000213e1f950f0 Exception <a 'java/net/ConnectException'{0x000000070c5cb2f8}: Connection refused: getsockopt> (0x000000070c5cb2f8) 
thrown [s\src\hotspot\share\prims\jni.cpp, line 535]
Event: 1483.110 Thread 0x00000213e1f950f0 Exception <a 'java/net/SocketException'{0x000000070c5cb8d8}: Socket is not connected: shutdown> (0x000000070c5cb8d8) 
thrown [s\src\hotspot\share\prims\jni.cpp, line 535]
Event: 1543.341 Thread 0x00000213e1f950f0 Exception <a 'java/net/ConnectException'{0x000000070c5d6108}: Connection refused: getsockopt> (0x000000070c5d6108) 
thrown [s\src\hotspot\share\prims\jni.cpp, line 535]
Event: 1543.342 Thread 0x00000213e1f950f0 Exception <a 'java/net/SocketException'{0x000000070c3567b8}: Socket is not connected: shutdown> (0x000000070c3567b8) 
thrown [s\src\hotspot\share\prims\jni.cpp, line 535]
Event: 1543.342 Thread 0x00000213e1f950f0 Exception <a 'java/net/ConnectException'{0x000000070c357310}: Connection refused: getsockopt> (0x000000070c357310) 
thrown [s\src\hotspot\share\prims\jni.cpp, line 535]
Event: 1543.342 Thread 0x00000213e1f950f0 Exception <a 'java/net/SocketException'{0x000000070c3578f0}: Socket is not connected: shutdown> (0x000000070c3578f0) 
thrown [s\src\hotspot\share\prims\jni.cpp, line 535]
Event: 1633.219 Thread 0x00000213e1f950f0 Exception <a 'java/net/ConnectException'{0x000000070c360728}: Connection refused: getsockopt> (0x000000070c360728) 
thrown [s\src\hotspot\share\prims\jni.cpp, line 535]
Event: 1633.219 Thread 0x00000213e1f950f0 Exception <a 'java/net/SocketException'{0x000000070c360d08}: Socket is not connected: shutdown> (0x000000070c360d08) 
thrown [s\src\hotspot\share\prims\jni.cpp, line 535]
Event: 1633.221 Thread 0x00000213e1f950f0 Exception <a 'java/net/ConnectException'{0x000000070c1b6790}: Connection refused: getsockopt> (0x000000070c1b6790) 
thrown [s\src\hotspot\share\prims\jni.cpp, line 535]
Event: 1633.221 Thread 0x00000213e1f950f0 Exception <a 'java/net/SocketException'{0x000000070c1b6d70}: Socket is not connected: shutdown> (0x000000070c1b6d70) 
thrown [s\src\hotspot\share\prims\jni.cpp, line 535]
Event: 1693.797 Thread 0x00000213df50e900 Exception <a 'java/lang/Error'{0x000000070c2b6898}: IP Helper Library GetIpAddrTable function failed> (0x000000070c2b6898) 
thrown [s\src\hotspot\share\prims\jni.cpp, line 535]

VM Operations (20 events):
Event: 1272.565 Executing VM operation: Cleanup
Event: 1272.565 Executing VM operation: Cleanup done
Event: 1302.879 Executing VM operation: Cleanup
Event: 1302.879 Executing VM operation: Cleanup done
Event: 1362.447 Executing VM operation: Cleanup
Event: 1362.447 Executing VM operation: Cleanup done
Event: 1453.268 Executing VM operation: Cleanup
Event: 1453.268 Executing VM operation: Cleanup done
Event: 1482.557 Executing VM operation: Cleanup
Event: 1482.557 Executing VM operation: Cleanup done
Event: 1533.255 Executing VM operation: Cleanup
Event: 1533.255 Executing VM operation: Cleanup done
Event: 1534.259 Executing VM operation: Cleanup
Event: 1534.259 Executing VM operation: Cleanup done
Event: 1572.595 Executing VM operation: Cleanup
Event: 1572.595 Executing VM operation: Cleanup done
Event: 1602.909 Executing VM operation: Cleanup
Event: 1602.909 Executing VM operation: Cleanup done
Event: 1634.209 Executing VM operation: Cleanup
Event: 1634.209 Executing VM operation: Cleanup done

Memory protections (0 events):
No events

Nmethod flushes (0 events):
No events

Events (20 events):
Event: 12.020 Thread 0x00000213e1f992c0 Thread exited: 0x00000213e1f992c0
Event: 17.957 Thread 0x00000213e0cdff60 Thread exited: 0x00000213e0cdff60
Event: 17.957 Thread 0x00000213e02b8a90 Thread exited: 0x00000213e02b8a90
Event: 20.783 Thread 0x00000213d9f6a870 Thread exited: 0x00000213d9f6a870
Event: 41.134 Thread 0x00000213e1f93290 Thread added: 0x00000213e1f96020
Event: 41.134 Thread 0x00000213e1f92360 Thread added: 0x00000213e1f97e80
Event: 41.171 Thread 0x00000213e1f96020 Thread added: 0x00000213e1f950f0
Event: 62.445 Thread 0x00000213dfd3d0b0 Thread exited: 0x00000213dfd3d0b0
Event: 71.473 Thread 0x00000213dfd3dad0 Thread exited: 0x00000213dfd3dad0
Event: 90.406 Thread 0x00000213df55cf50 Thread exited: 0x00000213df55cf50
Event: 90.406 Thread 0x00000213e1f97970 Thread exited: 0x00000213e1f97970
Event: 310.813 Thread 0x00000213e1f91e50 Thread added: 0x00000213e1f97970
Event: 671.694 Thread 0x00000213d9f9b330 Thread added: 0x00000213e0cdea20
Event: 676.721 Thread 0x00000213e0cdea20 Thread exited: 0x00000213e0cdea20
Event: 941.976 Thread 0x00000213d9f9b330 Thread added: 0x00000213e0cdcf90
Event: 946.990 Thread 0x00000213e0cdcf90 Thread exited: 0x00000213e0cdcf90
Event: 1452.459 Thread 0x00000213d9f9b330 Thread added: 0x00000213e0cdef70
Event: 1452.459 Thread 0x00000213d9f9b330 Thread added: 0x00000213e0cdf4c0
Event: 1457.487 Thread 0x00000213e0cdf4c0 Thread exited: 0x00000213e0cdf4c0
Event: 1462.496 Thread 0x00000213e0cdef70 Thread exited: 0x00000213e0cdef70


Dynamic libraries:
0x00007ff779ea0000 - 0x00007ff779eae000 	C:\Program Files\Eclipse Adoptium\jdk-17.0.14.7-hotspot\bin\java.exe
0x00007ffe3b420000 - 0x00007ffe3b686000 	C:\WINDOWS\SYSTEM32\ntdll.dll
0x00007ffe3a860000 - 0x00007ffe3a929000 	C:\WINDOWS\System32\KERNEL32.DLL
0x00007ffe38b40000 - 0x00007ffe38f0c000 	C:\WINDOWS\System32\KERNELBASE.dll
0x00007ffe39090000 - 0x00007ffe391db000 	C:\WINDOWS\System32\ucrtbase.dll
0x00007ffe22200000 - 0x00007ffe2221e000 	C:\Program Files\Eclipse Adoptium\jdk-17.0.14.7-hotspot\bin\VCRUNTIME140.dll
0x00007ffe22220000 - 0x00007ffe22237000 	C:\Program Files\Eclipse Adoptium\jdk-17.0.14.7-hotspot\bin\jli.dll
0x00007ffe3afd0000 - 0x00007ffe3b19a000 	C:\WINDOWS\System32\USER32.dll
0x00007ffe38a80000 - 0x00007ffe38aa7000 	C:\WINDOWS\System32\win32u.dll
0x00007ffe1f660000 - 0x00007ffe1f8fa000 	C:\WINDOWS\WinSxS\amd64_microsoft.windows.common-controls_6595b64144ccf1df_6.0.26100.3912_none_3e07963ce335137e\COMCTL32.dll
0x00007ffe3ab40000 - 0x00007ffe3ab6b000 	C:\WINDOWS\System32\GDI32.dll
0x00007ffe391e0000 - 0x00007ffe39289000 	C:\WINDOWS\System32\msvcrt.dll
0x00007ffe38650000 - 0x00007ffe38782000 	C:\WINDOWS\System32\gdi32full.dll
0x00007ffe389d0000 - 0x00007ffe38a73000 	C:\WINDOWS\System32\msvcp_win.dll
0x00007ffe3a4f0000 - 0x00007ffe3a520000 	C:\WINDOWS\System32\IMM32.DLL
0x00007ffe28e20000 - 0x00007ffe28e2c000 	C:\Program Files\Eclipse Adoptium\jdk-17.0.14.7-hotspot\bin\vcruntime140_1.dll
0x00007ffe21a40000 - 0x00007ffe21acd000 	C:\Program Files\Eclipse Adoptium\jdk-17.0.14.7-hotspot\bin\msvcp140.dll
0x00007ffd91550000 - 0x00007ffd921bb000 	C:\Program Files\Eclipse Adoptium\jdk-17.0.14.7-hotspot\bin\server\jvm.dll
0x00007ffe3a5b0000 - 0x00007ffe3a662000 	C:\WINDOWS\System32\ADVAPI32.dll
0x00007ffe3b1a0000 - 0x00007ffe3b246000 	C:\WINDOWS\System32\sechost.dll
0x00007ffe39390000 - 0x00007ffe394a6000 	C:\WINDOWS\System32\RPCRT4.dll
0x00007ffe3a530000 - 0x00007ffe3a5a4000 	C:\WINDOWS\System32\WS2_32.dll
0x00007ffe371e0000 - 0x00007ffe3723e000 	C:\WINDOWS\SYSTEM32\POWRPROF.dll
0x00007ffe2de50000 - 0x00007ffe2de5b000 	C:\WINDOWS\SYSTEM32\VERSION.dll
0x00007ffe2e1a0000 - 0x00007ffe2e1d6000 	C:\WINDOWS\SYSTEM32\WINMM.dll
0x00007ffe371c0000 - 0x00007ffe371d4000 	C:\WINDOWS\SYSTEM32\UMPDC.dll
0x00007ffe37490000 - 0x00007ffe374aa000 	C:\WINDOWS\SYSTEM32\kernel.appcore.dll
0x00007ffe21b50000 - 0x00007ffe21b5a000 	C:\Program Files\Eclipse Adoptium\jdk-17.0.14.7-hotspot\bin\jimage.dll
0x00007ffe35c90000 - 0x00007ffe35ed1000 	C:\WINDOWS\SYSTEM32\DBGHELP.DLL
0x00007ffe3ac40000 - 0x00007ffe3afc4000 	C:\WINDOWS\System32\combase.dll
0x00007ffe3b2e0000 - 0x00007ffe3b3c0000 	C:\WINDOWS\System32\OLEAUT32.dll
0x00007ffe18430000 - 0x00007ffe18469000 	C:\WINDOWS\SYSTEM32\dbgcore.DLL
0x00007ffe385b0000 - 0x00007ffe38649000 	C:\WINDOWS\System32\bcryptPrimitives.dll
0x00007ffe218e0000 - 0x00007ffe218ee000 	C:\Program Files\Eclipse Adoptium\jdk-17.0.14.7-hotspot\bin\instrument.dll
0x00007ffe21a10000 - 0x00007ffe21a35000 	C:\Program Files\Eclipse Adoptium\jdk-17.0.14.7-hotspot\bin\java.dll
0x00007ffe21930000 - 0x00007ffe21a07000 	C:\Program Files\Eclipse Adoptium\jdk-17.0.14.7-hotspot\bin\jsvml.dll
0x00007ffe399f0000 - 0x00007ffe3a11d000 	C:\WINDOWS\System32\SHELL32.dll
0x00007ffe38850000 - 0x00007ffe389c4000 	C:\WINDOWS\System32\wintypes.dll
0x00007ffe36220000 - 0x00007ffe36a76000 	C:\WINDOWS\SYSTEM32\windows.storage.dll
0x00007ffe3a120000 - 0x00007ffe3a20f000 	C:\WINDOWS\System32\SHCORE.dll
0x00007ffe392a0000 - 0x00007ffe39309000 	C:\WINDOWS\System32\shlwapi.dll
0x00007ffe384c0000 - 0x00007ffe384ef000 	C:\WINDOWS\SYSTEM32\profapi.dll
0x00007ffe1eeb0000 - 0x00007ffe1eec8000 	C:\Program Files\Eclipse Adoptium\jdk-17.0.14.7-hotspot\bin\zip.dll
0x00007ffe21910000 - 0x00007ffe21929000 	C:\Program Files\Eclipse Adoptium\jdk-17.0.14.7-hotspot\bin\net.dll
0x00007ffe312d0000 - 0x00007ffe313ee000 	C:\WINDOWS\SYSTEM32\WINHTTP.dll
0x00007ffe37a00000 - 0x00007ffe37a6a000 	C:\WINDOWS\system32\mswsock.dll
0x00007ffe218f0000 - 0x00007ffe21906000 	C:\Program Files\Eclipse Adoptium\jdk-17.0.14.7-hotspot\bin\nio.dll
0x00007ffe36d90000 - 0x00007ffe36eb7000 	C:\WINDOWS\SYSTEM32\DNSAPI.dll
0x00007ffe36d50000 - 0x00007ffe36d83000 	C:\WINDOWS\SYSTEM32\IPHLPAPI.DLL
0x00007ffe3a930000 - 0x00007ffe3a93a000 	C:\WINDOWS\System32\NSI.dll
0x00007ffe1ee80000 - 0x00007ffe1ee89000 	C:\Program Files\Eclipse Adoptium\jdk-17.0.14.7-hotspot\bin\extnet.dll
0x00007ffe31960000 - 0x00007ffe3196b000 	C:\Windows\System32\rasadhlp.dll
0x00007ffe32090000 - 0x00007ffe32116000 	C:\WINDOWS\System32\fwpuclnt.dll
0x00007ffe1ee70000 - 0x00007ffe1ee7a000 	C:\Program Files\Eclipse Adoptium\jdk-17.0.14.7-hotspot\bin\management.dll
0x00007ffe1ee60000 - 0x00007ffe1ee6b000 	C:\Program Files\Eclipse Adoptium\jdk-17.0.14.7-hotspot\bin\management_ext.dll
0x00007ffe39290000 - 0x00007ffe39298000 	C:\WINDOWS\System32\PSAPI.DLL
0x00007ffe37ca0000 - 0x00007ffe37cbc000 	C:\WINDOWS\SYSTEM32\CRYPTSP.dll
0x00007ffe373f0000 - 0x00007ffe3742a000 	C:\WINDOWS\system32\rsaenh.dll
0x00007ffe37aa0000 - 0x00007ffe37acb000 	C:\WINDOWS\SYSTEM32\USERENV.dll
0x00007ffe38490000 - 0x00007ffe384b6000 	C:\WINDOWS\SYSTEM32\bcrypt.dll
0x00007ffe37cc0000 - 0x00007ffe37ccc000 	C:\WINDOWS\SYSTEM32\CRYPTBASE.dll
0x00007ffe31d30000 - 0x00007ffe31d4f000 	C:\WINDOWS\SYSTEM32\dhcpcsvc6.DLL
0x00007ffe31d00000 - 0x00007ffe31d25000 	C:\WINDOWS\SYSTEM32\dhcpcsvc.DLL
0x00007ffe155f0000 - 0x00007ffe15608000 	C:\WINDOWS\system32\napinsp.dll
0x00007ffe154f0000 - 0x00007ffe15502000 	C:\WINDOWS\System32\winrnr.dll
0x00007ffe154b0000 - 0x00007ffe154e0000 	C:\WINDOWS\system32\nlansp_c.dll
0x00007ffe2df30000 - 0x00007ffe2df50000 	C:\WINDOWS\system32\wshbth.dll
0x00007ffe1cba0000 - 0x00007ffe1cbee000 	C:\WINDOWS\SYSTEM32\pdh.dll
0x00007ffe0e890000 - 0x00007ffe0e8a2000 	C:\WINDOWS\System32\perfproc.dll
0x00007ffe1ee90000 - 0x00007ffe1ee9e000 	C:\Program Files\Eclipse Adoptium\jdk-17.0.14.7-hotspot\bin\sunmscapi.dll
0x00007ffe38f10000 - 0x00007ffe39087000 	C:\WINDOWS\System32\CRYPT32.dll
0x00007ffe37eb0000 - 0x00007ffe37ee0000 	C:\WINDOWS\SYSTEM32\ncrypt.dll
0x00007ffe37e60000 - 0x00007ffe37e9f000 	C:\WINDOWS\SYSTEM32\NTASN1.dll
0x00007ffe32310000 - 0x00007ffe32320000 	C:\Program Files\Eclipse Adoptium\jdk-17.0.14.7-hotspot\bin\verify.dll
0x00007ffe19f60000 - 0x00007ffe19f68000 	C:\WINDOWS\system32\wshunix.dll

dbghelp: loaded successfully - version: 4.0.5 - missing functions: none
symbol engine: initialized successfully - sym options: 0x614 - pdb path: .;C:\Program Files\Eclipse Adoptium\jdk-17.0.14.7-hotspot\bin;C:\WINDOWS\SYSTEM32;C:\WINDOWS\WinSxS\amd64_microsoft.windows.common-controls_6595b64144ccf1df_6.0.26100.3912_none_3e07963ce335137e;C:\Program Files\Eclipse Adoptium\jdk-17.0.14.7-hotspot\bin\server

VM Arguments:
jvm_args: -XX:TieredStopAtLevel=1 -Dspring.output.ansi.enabled=always -Dcom.sun.management.jmxremote -Dspring.jmx.enabled=true -Dspring.liveBeansView.mbeanDomain -Dspring.application.admin.enabled=true -Dmanagement.endpoints.jmx.exposure.include=* -javaagent:C:\Users\Admin\AppData\Local\Programs\IntelliJ IDEA Ultimate 2025.1\lib\idea_rt.jar=52468 -Dfile.encoding=UTF-8 
java_command: com.nhom15.orderservice.OrderServiceApplication
java_class_path (initial): C:\N15_KTPM_Project\backend\order-service\target\classes;C:\Users\Admin\.m2\repository\org\springframework\boot\spring-boot-starter-data-jpa\3.4.5\spring-boot-starter-data-jpa-3.4.5.jar;C:\Users\Admin\.m2\repository\org\springframework\boot\spring-boot-starter\3.4.5\spring-boot-starter-3.4.5.jar;C:\Users\Admin\.m2\repository\org\springframework\boot\spring-boot\3.4.5\spring-boot-3.4.5.jar;C:\Users\Admin\.m2\repository\org\springframework\boot\spring-boot-autoconfigure\3.4.5\spring-boot-autoconfigure-3.4.5.jar;C:\Users\Admin\.m2\repository\org\springframework\boot\spring-boot-starter-logging\3.4.5\spring-boot-starter-logging-3.4.5.jar;C:\Users\Admin\.m2\repository\ch\qos\logback\logback-classic\1.5.18\logback-classic-1.5.18.jar;C:\Users\Admin\.m2\repository\ch\qos\logback\logback-core\1.5.18\logback-core-1.5.18.jar;C:\Users\Admin\.m2\repository\org\apache\logging\log4j\log4j-to-slf4j\2.24.3\log4j-to-slf4j-2.24.3.jar;C:\Users\Admin\.m2\repository\org\apache\logging\log4j\log4j-api\2.24.3\log4j-api-2.24.3.jar;C:\Users\Admin\.m2\repository\org\slf4j\jul-to-slf4j\2.0.17\jul-to-slf4j-2.0.17.jar;C:\Users\Admin\.m2\repository\jakarta\annotation\jakarta.annotation-api\2.1.1\jakarta.annotation-api-2.1.1.jar;C:\Users\Admin\.m2\repository\org\yaml\snakeyaml\2.3\snakeyaml-2.3.jar;C:\Users\Admin\.m2\repository\org\springframework\boot\spring-boot-starter-jdbc\3.4.5\spring-boot-starter-jdbc-3.4.5.jar;C:\Users\Admin\.m2\repository\com\zaxxer\HikariCP\5.1.0\HikariCP-5.1.0.jar;C:\Users\Admin\.m2\repository\org\springframework\spring-jdbc\6.2.6\spring-jdbc-6.2.6.jar;C:\Users\Admin\.m2\repository\org\hibernate\orm\hibernate-core\6.6.13.Final\hibernate-core-6.6.13.Final.jar;C:\Users\Admin\.m2\repository\jakarta\persistence\jakarta.persistence-api\3.1.0\jakarta.persistence-api-3.1.0.jar;C:\Users\Admin\.m2\repository\jakarta\transaction\jakarta.transaction-api\2.0.1\jakarta.transaction-api-2.0.1.jar;C:\Users\Admin\.m2\repository\org\jboss\logging\jboss-logging
Launcher Type: SUN_STANDARD

[Global flags]
     intx CICompilerCount                          = 4                                         {product} {ergonomic}
     uint ConcGCThreads                            = 3                                         {product} {ergonomic}
     uint G1ConcRefinementThreads                  = 10                                        {product} {ergonomic}
   size_t G1HeapRegionSize                         = 2097152                                   {product} {ergonomic}
    uintx GCDrainStackTargetSize                   = 64                                        {product} {ergonomic}
   size_t InitialHeapSize                          = 264241152                                 {product} {ergonomic}
     bool ManagementServer                         = true                                      {product} {command line}
   size_t MarkStackSize                            = 4194304                                   {product} {ergonomic}
   size_t MaxHeapSize                              = 4196401152                                {product} {ergonomic}
   size_t MaxNewSize                               = 2516582400                                {product} {ergonomic}
   size_t MinHeapDeltaBytes                        = 2097152                                   {product} {ergonomic}
   size_t MinHeapSize                              = 8388608                                   {product} {ergonomic}
    uintx NonProfiledCodeHeapSize                  = 0                                      {pd product} {ergonomic}
     bool ProfileInterpreter                       = false                                  {pd product} {command line}
    uintx ProfiledCodeHeapSize                     = 0                                      {pd product} {ergonomic}
   size_t SoftMaxHeapSize                          = 4196401152                             {manageable} {ergonomic}
     intx TieredStopAtLevel                        = 1                                         {product} {command line}
     bool UseCompressedClassPointers               = true                           {product lp64_product} {ergonomic}
     bool UseCompressedOops                        = true                           {product lp64_product} {ergonomic}
     bool UseG1GC                                  = true                                      {product} {ergonomic}
     bool UseLargePagesIndividualAllocation        = false                                  {pd product} {ergonomic}

Logging:
Log output configuration:
 #0: stdout all=warning uptime,level,tags
 #1: stderr all=off uptime,level,tags

Environment Variables:
JAVA_HOME=C:\Program Files\Eclipse Adoptium\jdk-17.0.14.7-hotspot
PATH=C:\Program Files\Eclipse Adoptium\jdk-17.0.14.7-hotspot\bin;C:\Program Files (x86)\Common Files\Oracle\Java\java8path;C:\Program Files (x86)\Common Files\Oracle\Java\javapath;C:\Program Files\MongoDB\Server\5.0\bin;C:\Windows\system32;C:\Windows;C:\Windows\System32\Wbem;C:\Windows\System32\WindowsPowerShell\v1.0\;C:\Windows\System32\OpenSSH\;C:\Program Files (x86)\NVIDIA Corporation\PhysX\Common;C:\Program Files\NVIDIA Corporation\NVIDIA NvDLISR;C:\MinGW\bin;C:\Program Files\dotnet\;C:\Program Files\Microsoft SQL Server\Client SDK\ODBC\170\Tools\Binn\;C:\Program Files (x86)\Microsoft SQL Server\150\Tools\Binn\;C:\Program Files\Microsoft SQL Server\150\Tools\Binn\;C:\Program Files\Microsoft SQL Server\150\DTS\Binn\;C:\Program Files\Git\cmd;C:\Program Files\MongoDB\Tools\100\;C:\WINDOWS\system32;C:\WINDOWS;C:\WINDOWS\System32\Wbem;C:\WINDOWS\System32\WindowsPowerShell\v1.0\;C:\WINDOWS\System32\OpenSSH\;C:\Program Files\MongoDB\Tools\100\bin;C:\Program Files\nodejs\;C:\apache-maven-3.6.0\bin;C:\Program Files\Eclipse Adoptium\jdk-17.0.14.7-hotspot\bin;C:\Program Files (x86)\Microsoft SQL Server\160\DTS\Binn\;C:\Program Files\Docker\Docker\resources\bin;C:\Program Files\MySQL\MySQL Shell 8.0\bin\;C:\Users\Admin\AppData\Local\Android\Sdk\platform-tools;C:\Users\Admin\AppData\Local\Android\Sdk\tools;C:\Users\Admin\AppData\Local\jdk-11.0.2\bin;C:\Users\Admin\AppData\Local\Microsoft\WindowsApps;C:\Users\Admin\AppData\Local\Programs\Microsoft VS Code\bin;C:\Program Files\Azure Data Studio\bin;C:\Users\Admin\AppData\Local\Programs\mongosh\;C:\Users\Admin\.dotnet\tools;C:\Users\Admin\AppData\Roaming\npm;C:\Users\Admin\AppData\Local\Android\sdk\platform-tools;C:\Users\Admin\AppData\Local\Packages\PythonSoftwareFoundation.Python.3.11_qbz5n2kfra8p0\LocalCache\local-packages\Python311\Scripts;C:\Users\Admin\AppData\Local\Programs\Python\Python311;C:\Users\Admin\AppData\Local\Programs\Python\Python311\Scripts;C:\hadoop\hadoop;C:\Program Files\Eclipse Adoptium\jdk-17.0.14.7-hotspot;C:\Users\Admin\AppData\Local\Programs\cursor\resources\app\bin
USERNAME=Admin
OS=Windows_NT
PROCESSOR_IDENTIFIER=Intel64 Family 6 Model 154 Stepping 3, GenuineIntel
TMP=C:\Users\Admin\AppData\Local\Temp
TEMP=C:\Users\Admin\AppData\Local\Temp



Periodic native trim disabled


---------------  S Y S T E M  ---------------

OS:
 Windows 11 , 64 bit Build 26100 (10.0.26100.3912)
OS uptime: 0 days 1:30 hours
Hyper-V role detected

CPU: total 12 (initial active 12) (6 cores per cpu, 2 threads per core) family 6 model 154 stepping 3 microcode 0x429, cx8, cmov, fxsr, ht, mmx, 3dnowpref, sse, sse2, sse3, ssse3, sse4.1, sse4.2, popcnt, lzcnt, tsc, tscinvbit, avx, avx2, aes, erms, clmul, bmi1, bmi2, adx, sha, fma, vzeroupper, clflush, clflushopt, clwb, hv
Processor Information for processor 0
  Max Mhz: 2000, Current Mhz: 2000, Mhz Limit: 2000
Processor Information for processor 1
  Max Mhz: 2000, Current Mhz: 2000, Mhz Limit: 2000
Processor Information for processor 2
  Max Mhz: 2000, Current Mhz: 2000, Mhz Limit: 2000
Processor Information for processor 3
  Max Mhz: 2000, Current Mhz: 2000, Mhz Limit: 2000
Processor Information for processor 4
  Max Mhz: 2000, Current Mhz: 2000, Mhz Limit: 2000
Processor Information for processor 5
  Max Mhz: 2000, Current Mhz: 2000, Mhz Limit: 2000
Processor Information for processor 6
  Max Mhz: 2000, Current Mhz: 2000, Mhz Limit: 2000
Processor Information for processor 7
  Max Mhz: 2000, Current Mhz: 2000, Mhz Limit: 2000
Processor Information for processor 8
  Max Mhz: 2000, Current Mhz: 2000, Mhz Limit: 2000
Processor Information for processor 9
  Max Mhz: 2000, Current Mhz: 2000, Mhz Limit: 2000
Processor Information for processor 10
  Max Mhz: 2000, Current Mhz: 2000, Mhz Limit: 2000
Processor Information for processor 11
  Max Mhz: 2000, Current Mhz: 1466, Mhz Limit: 2000

Memory: 4k page, system-wide physical 16004M (1565M free)
TotalPageFile size 41604M (AvailPageFile size 10652M)
current process WorkingSet (physical memory assigned to process): 29M, peak: 294M
current process commit charge ("private bytes"): 341M, peak: 388M

vm_info: OpenJDK 64-Bit Server VM (17.0.14+7) for windows-amd64 JRE (17.0.14+7), built on Jan 21 2025 23:40:15 by "admin" with MS VC++ 17.7 (VS2022)

END.
